<?xml version="1.0" encoding="UTF-8"?>
<beans xmlns="http://www.springframework.org/schema/beans"
       xmlns:xsi="http://www.w3.org/2001/XMLSchema-instance"
       xsi:schemaLocation="http://www.springframework.org/schema/beans http://www.springframework.org/schema/beans/spring-beans.xsd">

  <import resource="classpath*:/META-INF/spring/batch/jobs/job.xml"/>

  <bean id="dataSourceInitializer" class="org.springframework.jdbc.datasource.init.DataSourceInitializer">
      <property name="dataSource" ref="dataSource"/>
      <property name="enabled" value="true"/>
      <property name="databasePopulator">
        <bean class="org.springframework.jdbc.datasource.init.ResourceDatabasePopulator">
          <property name="continueOnError" value="false"/>
          <property name="ignoreFailedDrops" value="false"/>
          <property name="sqlScriptEncoding" value="UTF-8"/>
          <property name="scripts">
            <list>
              <value type="org.springframework.core.io.Resource">classpath:setup.sql</value>
            </list>
          </property>
        </bean>
      </property>
    </bean>

  <bean class="org.springframework.batch.test.JobLauncherTestUtils"/>
</beans>